{"C:\\_\\dev4-logs\\api\\src\\index.js": {"path":"C:\\_\\dev4-logs\\api\\src\\index.js","statementMap":{"0":{"start":{"line":3,"column":12},"end":{"line":3,"column":34}},"1":{"start":{"line":5,"column":0},"end":{"line":5,"column":33}}},"fnMap":{},"branchMap":{},"s":{"0":1,"1":1},"f":{},"b":{},"_coverageSchema":"1a1c01bbd47fc00a2c39e90264f33305004495a9","hash":"16f7380a503a2df6bf8a07bcc8210de2cf1e0fd8"}
,"C:\\_\\dev4-logs\\api\\src\\server.js": {"path":"C:\\_\\dev4-logs\\api\\src\\server.js","statementMap":{"0":{"start":{"line":1,"column":16},"end":{"line":1,"column":34}},"1":{"start":{"line":2,"column":19},"end":{"line":2,"column":41}},"2":{"start":{"line":3,"column":13},"end":{"line":3,"column":28}},"3":{"start":{"line":4,"column":15},"end":{"line":4,"column":32}},"4":{"start":{"line":5,"column":16},"end":{"line":5,"column":45}},"5":{"start":{"line":6,"column":11},"end":{"line":6,"column":35}},"6":{"start":{"line":7,"column":13},"end":{"line":7,"column":17}},"7":{"start":{"line":10,"column":19},"end":{"line":10,"column":49}},"8":{"start":{"line":11,"column":13},"end":{"line":11,"column":37}},"9":{"start":{"line":14,"column":12},"end":{"line":14,"column":21}},"10":{"start":{"line":15,"column":0},"end":{"line":15,"column":17}},"11":{"start":{"line":18,"column":0},"end":{"line":18,"column":24}},"12":{"start":{"line":19,"column":0},"end":{"line":24,"column":2}},"13":{"start":{"line":25,"column":0},"end":{"line":25,"column":23}},"14":{"start":{"line":27,"column":0},"end":{"line":27,"column":33}},"15":{"start":{"line":28,"column":0},"end":{"line":28,"column":23}},"16":{"start":{"line":30,"column":0},"end":{"line":32,"column":2}},"17":{"start":{"line":31,"column":2},"end":{"line":31,"column":22}},"18":{"start":{"line":34,"column":0},"end":{"line":36,"column":2}},"19":{"start":{"line":39,"column":0},"end":{"line":42,"column":2}},"20":{"start":{"line":46,"column":4},"end":{"line":61,"column":7}},"21":{"start":{"line":47,"column":6},"end":{"line":60,"column":7}},"22":{"start":{"line":48,"column":8},"end":{"line":57,"column":13}},"23":{"start":{"line":50,"column":12},"end":{"line":50,"column":31}},"24":{"start":{"line":51,"column":12},"end":{"line":51,"column":31}},"25":{"start":{"line":52,"column":12},"end":{"line":52,"column":34}},"26":{"start":{"line":53,"column":12},"end":{"line":53,"column":41}},"27":{"start":{"line":63,"column":4},"end":{"line":80,"column":7}},"28":{"start":{"line":64,"column":6},"end":{"line":79,"column":7}},"29":{"start":{"line":65,"column":8},"end":{"line":76,"column":13}},"30":{"start":{"line":67,"column":12},"end":{"line":67,"column":31}},"31":{"start":{"line":68,"column":12},"end":{"line":68,"column":31}},"32":{"start":{"line":69,"column":12},"end":{"line":69,"column":34}},"33":{"start":{"line":70,"column":12},"end":{"line":70,"column":36}},"34":{"start":{"line":71,"column":12},"end":{"line":71,"column":40}},"35":{"start":{"line":72,"column":12},"end":{"line":72,"column":41}},"36":{"start":{"line":82,"column":0},"end":{"line":82,"column":18}},"37":{"start":{"line":84,"column":0},"end":{"line":84,"column":21}}},"fnMap":{"0":{"name":"(anonymous_0)","decl":{"start":{"line":30,"column":17},"end":{"line":30,"column":18}},"loc":{"start":{"line":30,"column":37},"end":{"line":32,"column":1}},"line":30},"1":{"name":"(anonymous_1)","decl":{"start":{"line":34,"column":13},"end":{"line":34,"column":14}},"loc":{"start":{"line":34,"column":33},"end":{"line":36,"column":1}},"line":34},"2":{"name":"(anonymous_2)","decl":{"start":{"line":39,"column":23},"end":{"line":39,"column":24}},"loc":{"start":{"line":39,"column":43},"end":{"line":42,"column":1}},"line":39},"3":{"name":"initialiseTables","decl":{"start":{"line":45,"column":15},"end":{"line":45,"column":31}},"loc":{"start":{"line":45,"column":34},"end":{"line":81,"column":1}},"line":45},"4":{"name":"(anonymous_4)","decl":{"start":{"line":46,"column":48},"end":{"line":46,"column":49}},"loc":{"start":{"line":46,"column":66},"end":{"line":61,"column":5}},"line":46},"5":{"name":"(anonymous_5)","decl":{"start":{"line":49,"column":37},"end":{"line":49,"column":38}},"loc":{"start":{"line":49,"column":48},"end":{"line":54,"column":11}},"line":49},"6":{"name":"(anonymous_6)","decl":{"start":{"line":55,"column":16},"end":{"line":55,"column":17}},"loc":{"start":{"line":55,"column":28},"end":{"line":57,"column":11}},"line":55},"7":{"name":"(anonymous_7)","decl":{"start":{"line":63,"column":42},"end":{"line":63,"column":43}},"loc":{"start":{"line":63,"column":60},"end":{"line":80,"column":5}},"line":63},"8":{"name":"(anonymous_8)","decl":{"start":{"line":66,"column":31},"end":{"line":66,"column":32}},"loc":{"start":{"line":66,"column":42},"end":{"line":73,"column":11}},"line":66},"9":{"name":"(anonymous_9)","decl":{"start":{"line":74,"column":16},"end":{"line":74,"column":17}},"loc":{"start":{"line":74,"column":28},"end":{"line":76,"column":11}},"line":74}},"branchMap":{"0":{"loc":{"start":{"line":47,"column":6},"end":{"line":60,"column":7}},"type":"if","locations":[{"start":{"line":47,"column":6},"end":{"line":60,"column":7}},{"start":{"line":47,"column":6},"end":{"line":60,"column":7}}],"line":47},"1":{"loc":{"start":{"line":64,"column":6},"end":{"line":79,"column":7}},"type":"if","locations":[{"start":{"line":64,"column":6},"end":{"line":79,"column":7}},{"start":{"line":64,"column":6},"end":{"line":79,"column":7}}],"line":64}},"s":{"0":1,"1":1,"2":1,"3":1,"4":1,"5":1,"6":1,"7":1,"8":1,"9":1,"10":1,"11":1,"12":1,"13":1,"14":1,"15":1,"16":1,"17":0,"18":1,"19":1,"20":1,"21":0,"22":0,"23":0,"24":0,"25":0,"26":0,"27":0,"28":0,"29":0,"30":0,"31":0,"32":0,"33":0,"34":0,"35":0,"36":1,"37":1},"f":{"0":0,"1":0,"2":0,"3":1,"4":0,"5":0,"6":0,"7":0,"8":0,"9":0},"b":{"0":[0,0],"1":[0,0]},"_coverageSchema":"1a1c01bbd47fc00a2c39e90264f33305004495a9","hash":"735faa201bad47e768d05fc8fb78874fae1c7976"}
,"C:\\_\\dev4-logs\\api\\src\\routes\\categories.js": {"path":"C:\\_\\dev4-logs\\api\\src\\routes\\categories.js","statementMap":{"0":{"start":{"line":1,"column":15},"end":{"line":1,"column":42}},"1":{"start":{"line":2,"column":11},"end":{"line":2,"column":38}},"2":{"start":{"line":3,"column":15},"end":{"line":3,"column":47}},"3":{"start":{"line":4,"column":0},"end":{"line":9,"column":2}},"4":{"start":{"line":5,"column":2},"end":{"line":8,"column":4}},"5":{"start":{"line":7,"column":4},"end":{"line":7,"column":18}},"6":{"start":{"line":11,"column":0},"end":{"line":25,"column":2}},"7":{"start":{"line":12,"column":2},"end":{"line":12,"column":24}},"8":{"start":{"line":13,"column":2},"end":{"line":24,"column":3}},"9":{"start":{"line":14,"column":21},"end":{"line":17,"column":5}},"10":{"start":{"line":18,"column":4},"end":{"line":23,"column":6}},"11":{"start":{"line":20,"column":6},"end":{"line":22,"column":8}},"12":{"start":{"line":27,"column":0},"end":{"line":49,"column":2}},"13":{"start":{"line":28,"column":2},"end":{"line":48,"column":3}},"14":{"start":{"line":29,"column":4},"end":{"line":43,"column":5}},"15":{"start":{"line":30,"column":6},"end":{"line":38,"column":9}},"16":{"start":{"line":36,"column":8},"end":{"line":36,"column":26}},"17":{"start":{"line":37,"column":8},"end":{"line":37,"column":28}},"18":{"start":{"line":40,"column":6},"end":{"line":42,"column":8}},"19":{"start":{"line":45,"column":4},"end":{"line":47,"column":6}},"20":{"start":{"line":51,"column":0},"end":{"line":65,"column":2}},"21":{"start":{"line":52,"column":2},"end":{"line":64,"column":3}},"22":{"start":{"line":53,"column":4},"end":{"line":61,"column":5}},"23":{"start":{"line":54,"column":6},"end":{"line":58,"column":8}},"24":{"start":{"line":57,"column":8},"end":{"line":57,"column":27}},"25":{"start":{"line":60,"column":6},"end":{"line":60,"column":26}},"26":{"start":{"line":63,"column":4},"end":{"line":63,"column":24}},"27":{"start":{"line":66,"column":0},"end":{"line":66,"column":24}}},"fnMap":{"0":{"name":"(anonymous_0)","decl":{"start":{"line":4,"column":16},"end":{"line":4,"column":17}},"loc":{"start":{"line":4,"column":36},"end":{"line":9,"column":1}},"line":4},"1":{"name":"(anonymous_1)","decl":{"start":{"line":6,"column":8},"end":{"line":6,"column":9}},"loc":{"start":{"line":6,"column":16},"end":{"line":8,"column":3}},"line":6},"2":{"name":"(anonymous_2)","decl":{"start":{"line":11,"column":23},"end":{"line":11,"column":24}},"loc":{"start":{"line":11,"column":43},"end":{"line":25,"column":1}},"line":11},"3":{"name":"(anonymous_3)","decl":{"start":{"line":19,"column":10},"end":{"line":19,"column":11}},"loc":{"start":{"line":19,"column":16},"end":{"line":23,"column":5}},"line":19},"4":{"name":"(anonymous_4)","decl":{"start":{"line":27,"column":22},"end":{"line":27,"column":23}},"loc":{"start":{"line":27,"column":42},"end":{"line":49,"column":1}},"line":27},"5":{"name":"(anonymous_5)","decl":{"start":{"line":35,"column":12},"end":{"line":35,"column":13}},"loc":{"start":{"line":35,"column":20},"end":{"line":38,"column":7}},"line":35},"6":{"name":"(anonymous_6)","decl":{"start":{"line":51,"column":25},"end":{"line":51,"column":26}},"loc":{"start":{"line":51,"column":45},"end":{"line":65,"column":1}},"line":51},"7":{"name":"(anonymous_7)","decl":{"start":{"line":56,"column":12},"end":{"line":56,"column":13}},"loc":{"start":{"line":56,"column":18},"end":{"line":58,"column":7}},"line":56}},"branchMap":{"0":{"loc":{"start":{"line":13,"column":2},"end":{"line":24,"column":3}},"type":"if","locations":[{"start":{"line":13,"column":2},"end":{"line":24,"column":3}},{"start":{"line":13,"column":2},"end":{"line":24,"column":3}}],"line":13},"1":{"loc":{"start":{"line":28,"column":2},"end":{"line":48,"column":3}},"type":"if","locations":[{"start":{"line":28,"column":2},"end":{"line":48,"column":3}},{"start":{"line":28,"column":2},"end":{"line":48,"column":3}}],"line":28},"2":{"loc":{"start":{"line":28,"column":5},"end":{"line":28,"column":36}},"type":"binary-expr","locations":[{"start":{"line":28,"column":5},"end":{"line":28,"column":19}},{"start":{"line":28,"column":23},"end":{"line":28,"column":36}}],"line":28},"3":{"loc":{"start":{"line":29,"column":4},"end":{"line":43,"column":5}},"type":"if","locations":[{"start":{"line":29,"column":4},"end":{"line":43,"column":5}},{"start":{"line":29,"column":4},"end":{"line":43,"column":5}}],"line":29},"4":{"loc":{"start":{"line":52,"column":2},"end":{"line":64,"column":3}},"type":"if","locations":[{"start":{"line":52,"column":2},"end":{"line":64,"column":3}},{"start":{"line":52,"column":2},"end":{"line":64,"column":3}}],"line":52},"5":{"loc":{"start":{"line":53,"column":4},"end":{"line":61,"column":5}},"type":"if","locations":[{"start":{"line":53,"column":4},"end":{"line":61,"column":5}},{"start":{"line":53,"column":4},"end":{"line":61,"column":5}}],"line":53}},"s":{"0":1,"1":1,"2":1,"3":1,"4":0,"5":0,"6":1,"7":0,"8":0,"9":0,"10":0,"11":0,"12":1,"13":0,"14":0,"15":0,"16":0,"17":0,"18":0,"19":0,"20":1,"21":0,"22":0,"23":0,"24":0,"25":0,"26":0,"27":1},"f":{"0":0,"1":0,"2":0,"3":0,"4":0,"5":0,"6":0,"7":0},"b":{"0":[0,0],"1":[0,0],"2":[0,0],"3":[0,0],"4":[0,0],"5":[0,0]},"_coverageSchema":"1a1c01bbd47fc00a2c39e90264f33305004495a9","hash":"eab7298c47eb65d8b42fb73db17a63b367816bfb"}
,"C:\\_\\dev4-logs\\api\\src\\routes\\logs.js": {"path":"C:\\_\\dev4-logs\\api\\src\\routes\\logs.js","statementMap":{"0":{"start":{"line":1,"column":15},"end":{"line":1,"column":42}},"1":{"start":{"line":2,"column":11},"end":{"line":2,"column":38}},"2":{"start":{"line":3,"column":15},"end":{"line":3,"column":47}},"3":{"start":{"line":5,"column":0},"end":{"line":10,"column":2}},"4":{"start":{"line":6,"column":2},"end":{"line":9,"column":4}},"5":{"start":{"line":8,"column":4},"end":{"line":8,"column":18}},"6":{"start":{"line":12,"column":0},"end":{"line":32,"column":2}},"7":{"start":{"line":14,"column":40},"end":{"line":14,"column":48}},"8":{"start":{"line":15,"column":2},"end":{"line":31,"column":3}},"9":{"start":{"line":16,"column":18},"end":{"line":16,"column":53}},"10":{"start":{"line":17,"column":4},"end":{"line":28,"column":6}},"11":{"start":{"line":18,"column":6},"end":{"line":27,"column":7}},"12":{"start":{"line":19,"column":8},"end":{"line":22,"column":10}},"13":{"start":{"line":21,"column":10},"end":{"line":21,"column":30}},"14":{"start":{"line":24,"column":8},"end":{"line":26,"column":10}},"15":{"start":{"line":30,"column":4},"end":{"line":30,"column":24}},"16":{"start":{"line":34,"column":0},"end":{"line":57,"column":2}},"17":{"start":{"line":35,"column":46},"end":{"line":35,"column":54}},"18":{"start":{"line":36,"column":2},"end":{"line":56,"column":3}},"19":{"start":{"line":37,"column":4},"end":{"line":53,"column":5}},"20":{"start":{"line":38,"column":6},"end":{"line":48,"column":8}},"21":{"start":{"line":46,"column":8},"end":{"line":46,"column":49}},"22":{"start":{"line":46,"column":23},"end":{"line":46,"column":49}},"23":{"start":{"line":47,"column":8},"end":{"line":47,"column":27}},"24":{"start":{"line":50,"column":6},"end":{"line":52,"column":8}},"25":{"start":{"line":55,"column":4},"end":{"line":55,"column":24}},"26":{"start":{"line":59,"column":0},"end":{"line":70,"column":2}},"27":{"start":{"line":60,"column":17},"end":{"line":60,"column":25}},"28":{"start":{"line":61,"column":2},"end":{"line":61,"column":19}},"29":{"start":{"line":62,"column":2},"end":{"line":62,"column":39}},"30":{"start":{"line":62,"column":12},"end":{"line":62,"column":39}},"31":{"start":{"line":63,"column":2},"end":{"line":63,"column":19}},"32":{"start":{"line":64,"column":2},"end":{"line":69,"column":4}},"33":{"start":{"line":67,"column":4},"end":{"line":67,"column":45}},"34":{"start":{"line":67,"column":19},"end":{"line":67,"column":45}},"35":{"start":{"line":68,"column":4},"end":{"line":68,"column":23}},"36":{"start":{"line":71,"column":0},"end":{"line":71,"column":24}}},"fnMap":{"0":{"name":"(anonymous_0)","decl":{"start":{"line":5,"column":16},"end":{"line":5,"column":17}},"loc":{"start":{"line":5,"column":36},"end":{"line":10,"column":1}},"line":5},"1":{"name":"(anonymous_1)","decl":{"start":{"line":7,"column":8},"end":{"line":7,"column":9}},"loc":{"start":{"line":7,"column":16},"end":{"line":9,"column":3}},"line":7},"2":{"name":"(anonymous_2)","decl":{"start":{"line":12,"column":23},"end":{"line":12,"column":24}},"loc":{"start":{"line":12,"column":43},"end":{"line":32,"column":1}},"line":12},"3":{"name":"(anonymous_3)","decl":{"start":{"line":17,"column":15},"end":{"line":17,"column":16}},"loc":{"start":{"line":17,"column":29},"end":{"line":28,"column":5}},"line":17},"4":{"name":"(anonymous_4)","decl":{"start":{"line":20,"column":14},"end":{"line":20,"column":15}},"loc":{"start":{"line":20,"column":22},"end":{"line":22,"column":9}},"line":20},"5":{"name":"(anonymous_5)","decl":{"start":{"line":34,"column":22},"end":{"line":34,"column":23}},"loc":{"start":{"line":34,"column":42},"end":{"line":57,"column":1}},"line":34},"6":{"name":"(anonymous_6)","decl":{"start":{"line":45,"column":12},"end":{"line":45,"column":13}},"loc":{"start":{"line":45,"column":20},"end":{"line":48,"column":7}},"line":45},"7":{"name":"(anonymous_7)","decl":{"start":{"line":59,"column":25},"end":{"line":59,"column":26}},"loc":{"start":{"line":59,"column":45},"end":{"line":70,"column":1}},"line":59},"8":{"name":"(anonymous_8)","decl":{"start":{"line":66,"column":8},"end":{"line":66,"column":9}},"loc":{"start":{"line":66,"column":16},"end":{"line":69,"column":3}},"line":66}},"branchMap":{"0":{"loc":{"start":{"line":15,"column":2},"end":{"line":31,"column":3}},"type":"if","locations":[{"start":{"line":15,"column":2},"end":{"line":31,"column":3}},{"start":{"line":15,"column":2},"end":{"line":31,"column":3}}],"line":15},"1":{"loc":{"start":{"line":18,"column":6},"end":{"line":27,"column":7}},"type":"if","locations":[{"start":{"line":18,"column":6},"end":{"line":27,"column":7}},{"start":{"line":18,"column":6},"end":{"line":27,"column":7}}],"line":18},"2":{"loc":{"start":{"line":36,"column":2},"end":{"line":56,"column":3}},"type":"if","locations":[{"start":{"line":36,"column":2},"end":{"line":56,"column":3}},{"start":{"line":36,"column":2},"end":{"line":56,"column":3}}],"line":36},"3":{"loc":{"start":{"line":37,"column":4},"end":{"line":53,"column":5}},"type":"if","locations":[{"start":{"line":37,"column":4},"end":{"line":53,"column":5}},{"start":{"line":37,"column":4},"end":{"line":53,"column":5}}],"line":37},"4":{"loc":{"start":{"line":46,"column":8},"end":{"line":46,"column":49}},"type":"if","locations":[{"start":{"line":46,"column":8},"end":{"line":46,"column":49}},{"start":{"line":46,"column":8},"end":{"line":46,"column":49}}],"line":46},"5":{"loc":{"start":{"line":62,"column":2},"end":{"line":62,"column":39}},"type":"if","locations":[{"start":{"line":62,"column":2},"end":{"line":62,"column":39}},{"start":{"line":62,"column":2},"end":{"line":62,"column":39}}],"line":62},"6":{"loc":{"start":{"line":67,"column":4},"end":{"line":67,"column":45}},"type":"if","locations":[{"start":{"line":67,"column":4},"end":{"line":67,"column":45}},{"start":{"line":67,"column":4},"end":{"line":67,"column":45}}],"line":67}},"s":{"0":1,"1":1,"2":1,"3":1,"4":0,"5":0,"6":1,"7":0,"8":0,"9":0,"10":0,"11":0,"12":0,"13":0,"14":0,"15":0,"16":1,"17":0,"18":0,"19":0,"20":0,"21":0,"22":0,"23":0,"24":0,"25":0,"26":1,"27":0,"28":0,"29":0,"30":0,"31":0,"32":0,"33":0,"34":0,"35":0,"36":1},"f":{"0":0,"1":0,"2":0,"3":0,"4":0,"5":0,"6":0,"7":0,"8":0},"b":{"0":[0,0],"1":[0,0],"2":[0,0],"3":[0,0],"4":[0,0],"5":[0,0],"6":[0,0]},"_coverageSchema":"1a1c01bbd47fc00a2c39e90264f33305004495a9","hash":"3c03524e1db547b90158bbfc1a888ed886741a89"}
,"C:\\_\\dev4-logs\\api\\src\\utils\\helpers.js": {"path":"C:\\_\\dev4-logs\\api\\src\\utils\\helpers.js","statementMap":{"0":{"start":{"line":2,"column":22},"end":{"line":2,"column":37}},"1":{"start":{"line":3,"column":11},"end":{"line":3,"column":26}},"2":{"start":{"line":5,"column":16},"end":{"line":25,"column":1}},"3":{"start":{"line":7,"column":18},"end":{"line":7,"column":26}},"4":{"start":{"line":8,"column":5},"end":{"line":8,"column":17}},"5":{"start":{"line":11,"column":4},"end":{"line":22,"column":5}},"6":{"start":{"line":12,"column":6},"end":{"line":19,"column":8}},"7":{"start":{"line":14,"column":27},"end":{"line":14,"column":31}},"8":{"start":{"line":15,"column":8},"end":{"line":17,"column":9}},"9":{"start":{"line":16,"column":10},"end":{"line":16,"column":21}},"10":{"start":{"line":18,"column":8},"end":{"line":18,"column":20}},"11":{"start":{"line":21,"column":6},"end":{"line":21,"column":19}},"12":{"start":{"line":27,"column":0},"end":{"line":27,"column":24}}},"fnMap":{"0":{"name":"(anonymous_0)","decl":{"start":{"line":6,"column":16},"end":{"line":6,"column":17}},"loc":{"start":{"line":6,"column":22},"end":{"line":9,"column":3}},"line":6},"1":{"name":"(anonymous_1)","decl":{"start":{"line":10,"column":19},"end":{"line":10,"column":20}},"loc":{"start":{"line":10,"column":33},"end":{"line":24,"column":3}},"line":10},"2":{"name":"(anonymous_2)","decl":{"start":{"line":13,"column":12},"end":{"line":13,"column":13}},"loc":{"start":{"line":13,"column":20},"end":{"line":19,"column":7}},"line":13}},"branchMap":{"0":{"loc":{"start":{"line":11,"column":4},"end":{"line":22,"column":5}},"type":"if","locations":[{"start":{"line":11,"column":4},"end":{"line":22,"column":5}},{"start":{"line":11,"column":4},"end":{"line":22,"column":5}}],"line":11},"1":{"loc":{"start":{"line":15,"column":8},"end":{"line":17,"column":9}},"type":"if","locations":[{"start":{"line":15,"column":8},"end":{"line":17,"column":9}},{"start":{"line":15,"column":8},"end":{"line":17,"column":9}}],"line":15}},"s":{"0":2,"1":2,"2":2,"3":1,"4":1,"5":3,"6":1,"7":1,"8":1,"9":1,"10":0,"11":2,"12":2},"f":{"0":1,"1":3,"2":1},"b":{"0":[1,2],"1":[1,0]},"_coverageSchema":"1a1c01bbd47fc00a2c39e90264f33305004495a9","hash":"21d3d74c504ad367ad8dfaa91da7fe4afe7f8120"}
,"C:\\_\\dev4-logs\\api\\src\\utils\\pg.js": {"path":"C:\\_\\dev4-logs\\api\\src\\utils\\pg.js","statementMap":{"0":{"start":{"line":1,"column":11},"end":{"line":6,"column":2}},"1":{"start":{"line":8,"column":0},"end":{"line":8,"column":20}}},"fnMap":{},"branchMap":{"0":{"loc":{"start":{"line":5,"column":14},"end":{"line":5,"column":132}},"type":"cond-expr","locations":[{"start":{"line":5,"column":49},"end":{"line":5,"column":81}},{"start":{"line":5,"column":84},"end":{"line":5,"column":132}}],"line":5}},"s":{"0":2,"1":2},"f":{},"b":{"0":[0,2]},"_coverageSchema":"1a1c01bbd47fc00a2c39e90264f33305004495a9","hash":"ad295c8cb0b08761b173bf20a2277f809a2bace8"}
}
